<?xml version="1.0" encoding="UTF-8"?>
<!-- Generated by org.testng.reporters.JUnitReportReporter -->
<testsuite hostname="UTD03867" name="WK.ACDS.LogicNets.SampleScript.NewTest" tests="1" failures="0" timestamp="19 Jan 2016 17:42:24 GMT" time="9.423" errors="0">
  <testcase name="f" time="9.423" classname="WK.ACDS.LogicNets.SampleScript.NewTest"/>
</testsuite> <!-- WK.ACDS.LogicNets.SampleScript.NewTest -->
