<?xml version="1.0" encoding="UTF-8"?>
<!-- Generated by org.testng.reporters.JUnitReportReporter -->
<testsuite hostname="UTD03867" name="WK.ACDS.LogicNets.SampleScript" tests="1" failures="0" timestamp="22 Jan 2016 15:58:34 GMT" time="29.035" errors="0">
  <testcase name="EndToEndFlowACDS" time="29.035" classname="WK.ACDS.LogicNets.SampleScript"/>
</testsuite> <!-- WK.ACDS.LogicNets.SampleScript -->
